<?xml version="1.0" encoding="UTF-8"?>
<testng-results skipped="0" failed="0" ignored="0" total="1" passed="1">
  <reporter-output>
  </reporter-output>
  <suite name="Suite" duration-ms="6516" started-at="2019-08-20T13:57:59Z" finished-at="2019-08-20T13:58:05Z">
    <groups>
    </groups>
    <test name="Test" duration-ms="6516" started-at="2019-08-20T13:57:59Z" finished-at="2019-08-20T13:58:05Z">
      <class name="org.in.test.Pavan.A">
        <test-method status="PASS" signature="tesr45(java.lang.String, java.lang.String)[pri:0, instance:org.in.test.Pavan.A@2a5ca609]" name="tesr45" duration-ms="6467" started-at="2019-08-20T13:57:59Z" finished-at="2019-08-20T13:58:05Z">
          <params>
            <param index="0">
              <value>
                <![CDATA[PavanHaritha]]>
              </value>
            </param>
            <param index="1">
              <value>
                <![CDATA[har4784]]>
              </value>
            </param>
          </params>
          <reporter-output>
          </reporter-output>
        </test-method> <!-- tesr45 -->
      </class> <!-- org.in.test.Pavan.A -->
    </test> <!-- Test -->
  </suite> <!-- Suite -->
</testng-results>
